2020-07-01 15:01:08 [scrapy.utils.log] INFO: Scrapy 1.6.0 started (bot: Guazi)
2020-07-01 15:01:08 [scrapy.utils.log] INFO: Versions: lxml 4.3.3.0, libxml2 2.9.5, cssselect 1.0.3, parsel 1.5.1, w3lib 1.20.0, Twisted 19.2.0, Python 3.7.3 (v3.7.3:ef4ec6ed12, Mar 25 2019, 22:22:05) [MSC v.1916 64 bit (AMD64)], pyOpenSSL 19.0.0 (OpenSSL 1.1.1b  26 Feb 2019), cryptography 2.6.1, Platform Windows-10-10.0.18362-SP0
2020-07-01 15:01:08 [scrapy.crawler] INFO: Overridden settings: {'BOT_NAME': 'Guazi', 'COOKIES_ENABLED': False, 'DOWNLOAD_DELAY': 1, 'FEED_EXPORT_ENCODING': 'utf-8', 'LOG_FILE': 'guazi.log', 'LOG_LEVEL': 'INFO', 'NEWSPIDER_MODULE': 'Guazi.spiders', 'SPIDER_MODULES': ['Guazi.spiders']}
2020-07-01 15:01:09 [scrapy.extensions.telnet] INFO: Telnet Password: 6a90320bf0c4a117
2020-07-01 15:01:09 [scrapy.middleware] INFO: Enabled extensions:
['scrapy.extensions.corestats.CoreStats',
 'scrapy.extensions.telnet.TelnetConsole',
 'scrapy.extensions.logstats.LogStats']
2020-07-01 15:01:10 [scrapy.middleware] INFO: Enabled downloader middlewares:
['scrapy.downloadermiddlewares.httpauth.HttpAuthMiddleware',
 'scrapy.downloadermiddlewares.downloadtimeout.DownloadTimeoutMiddleware',
 'scrapy.downloadermiddlewares.defaultheaders.DefaultHeadersMiddleware',
 'scrapy.downloadermiddlewares.useragent.UserAgentMiddleware',
 'scrapy.downloadermiddlewares.retry.RetryMiddleware',
 'scrapy.downloadermiddlewares.redirect.MetaRefreshMiddleware',
 'scrapy.downloadermiddlewares.httpcompression.HttpCompressionMiddleware',
 'scrapy.downloadermiddlewares.redirect.RedirectMiddleware',
 'scrapy.downloadermiddlewares.httpproxy.HttpProxyMiddleware',
 'scrapy.downloadermiddlewares.stats.DownloaderStats']
2020-07-01 15:01:10 [scrapy.middleware] INFO: Enabled spider middlewares:
['scrapy.spidermiddlewares.httperror.HttpErrorMiddleware',
 'scrapy.spidermiddlewares.offsite.OffsiteMiddleware',
 'scrapy.spidermiddlewares.referer.RefererMiddleware',
 'scrapy.spidermiddlewares.urllength.UrlLengthMiddleware',
 'scrapy.spidermiddlewares.depth.DepthMiddleware']
2020-07-01 15:01:10 [scrapy.middleware] INFO: Enabled item pipelines:
['Guazi.pipelines.GuaziPipeline']
2020-07-01 15:01:10 [scrapy.core.engine] INFO: Spider opened
2020-07-01 15:01:10 [scrapy.extensions.logstats] INFO: Crawled 0 pages (at 0 pages/min), scraped 0 items (at 0 items/min)
2020-07-01 15:01:10 [scrapy.extensions.telnet] INFO: Telnet console listening on 127.0.0.1:6023
2020-07-01 15:01:15 [scrapy.core.engine] INFO: Closing spider (finished)
2020-07-01 15:01:15 [scrapy.statscollectors] INFO: Dumping Scrapy stats:
{'downloader/request_bytes': 6940,
 'downloader/request_count': 5,
 'downloader/request_method_count/GET': 5,
 'downloader/response_bytes': 269527,
 'downloader/response_count': 5,
 'downloader/response_status_count/200': 5,
 'finish_reason': 'finished',
 'finish_time': datetime.datetime(2020, 7, 1, 7, 1, 15, 529240),
 'item_scraped_count': 200,
 'log_count/INFO': 9,
 'response_received_count': 5,
 'scheduler/dequeued': 5,
 'scheduler/dequeued/memory': 5,
 'scheduler/enqueued': 5,
 'scheduler/enqueued/memory': 5,
 'start_time': datetime.datetime(2020, 7, 1, 7, 1, 10, 524692)}
2020-07-01 15:01:15 [scrapy.core.engine] INFO: Spider closed (finished)
